<?xml version="1.0" encoding="UTF-8"?>
<testng-results skipped="0" failed="0" ignored="0" total="2" passed="2">
  <reporter-output>
  </reporter-output>
  <suite name="Suite" duration-ms="73" started-at="2021-10-18T19:04:35 IST" finished-at="2021-10-18T19:04:35 IST">
    <groups>
    </groups>
    <test name="Test" duration-ms="73" started-at="2021-10-18T19:04:35 IST" finished-at="2021-10-18T19:04:35 IST">
      <class name="com.crm.orgTest.ContactTest">
        <test-method status="PASS" signature="createContactTest()[pri:0, instance:com.crm.orgTest.ContactTest@6e6c3152]" name="createContactTest" duration-ms="24" started-at="2021-10-18T19:04:35 IST" finished-at="2021-10-18T19:04:35 IST">
          <reporter-output>
          </reporter-output>
        </test-method> <!-- createContactTest -->
        <test-method status="PASS" signature="editContactTest()[pri:0, instance:com.crm.orgTest.ContactTest@6e6c3152]" name="editContactTest" duration-ms="0" started-at="2021-10-18T19:04:35 IST" finished-at="2021-10-18T19:04:35 IST">
          <reporter-output>
          </reporter-output>
        </test-method> <!-- editContactTest -->
      </class> <!-- com.crm.orgTest.ContactTest -->
    </test> <!-- Test -->
  </suite> <!-- Suite -->
</testng-results>
